<?xml version="1.0" encoding="UTF-8"?>
<testng-results skipped="0" failed="0" ignored="0" total="1" passed="1">
  <reporter-output>
  </reporter-output>
  <suite name="Default suite" duration-ms="13393" started-at="2020-05-28T13:38:23 EDT" finished-at="2020-05-28T13:38:36 EDT">
    <groups>
    </groups>
    <test name="Default test" duration-ms="13393" started-at="2020-05-28T13:38:23 EDT" finished-at="2020-05-28T13:38:36 EDT">
      <class name="BigLotAutomation.TestOrder.TestOne">
        <test-method status="PASS" signature="loop()[pri:0, instance:BigLotAutomation.TestOrder.TestOne@3b084709]" name="loop" duration-ms="13325" started-at="2020-05-28T13:38:23 EDT" finished-at="2020-05-28T13:38:36 EDT">
          <reporter-output>
          </reporter-output>
        </test-method> <!-- loop -->
      </class> <!-- BigLotAutomation.TestOrder.TestOne -->
    </test> <!-- Default test -->
  </suite> <!-- Default suite -->
</testng-results>
