<?xml version="1.0" encoding="UTF-8"?>
<testng-results skipped="0" failed="0" ignored="0" total="1" passed="1">
  <reporter-output>
  </reporter-output>
  <suite name="Default suite" duration-ms="33363" started-at="2020-05-31T13:32:18 EDT" finished-at="2020-05-31T13:32:52 EDT">
    <groups>
    </groups>
    <test name="Default test" duration-ms="33363" started-at="2020-05-31T13:32:18 EDT" finished-at="2020-05-31T13:32:52 EDT">
      <class name="BigLotAutomation.TestOrder.TestOne">
        <test-method status="PASS" signature="loop()[pri:0, instance:BigLotAutomation.TestOrder.TestOne@4bbfb90a]" name="loop" duration-ms="33296" started-at="2020-05-31T13:32:18 EDT" finished-at="2020-05-31T13:32:52 EDT">
          <reporter-output>
          </reporter-output>
        </test-method> <!-- loop -->
      </class> <!-- BigLotAutomation.TestOrder.TestOne -->
    </test> <!-- Default test -->
  </suite> <!-- Default suite -->
</testng-results>
